e:\cordingbirds\trunk\project\in_the_gorest\client\include\release\client.pch
e:\cordingbirds\trunk\project\in_the_gorest\client\include\release\vc120.pdb
e:\cordingbirds\trunk\project\in_the_gorest\client\include\release\stdafx.obj
e:\cordingbirds\trunk\project\in_the_gorest\client\include\release\dynamicmodel.obj
e:\cordingbirds\trunk\project\in_the_gorest\client\include\release\dynamiccamera.obj
e:\cordingbirds\trunk\project\in_the_gorest\client\include\release\directionsign.obj
e:\cordingbirds\trunk\project\in_the_gorest\client\include\release\device.obj
e:\cordingbirds\trunk\project\in_the_gorest\client\include\release\decoration.obj
e:\cordingbirds\trunk\project\in_the_gorest\client\include\release\cubebuffer.obj
e:\cordingbirds\trunk\project\in_the_gorest\client\include\release\component.obj
e:\cordingbirds\trunk\project\in_the_gorest\client\include\release\colorshader.obj
e:\cordingbirds\trunk\project\in_the_gorest\client\include\release\collision.obj
e:\cordingbirds\trunk\project\in_the_gorest\client\include\release\colmgr.obj
e:\cordingbirds\trunk\project\in_the_gorest\client\include\release\cameraobserver.obj
e:\cordingbirds\trunk\project\in_the_gorest\client\include\release\camera.obj
e:\cordingbirds\trunk\project\in_the_gorest\client\include\release\bullet.obj
e:\cordingbirds\trunk\project\in_the_gorest\client\include\release\buffer.obj
e:\cordingbirds\trunk\project\in_the_gorest\client\include\release\boosterzone.obj
e:\cordingbirds\trunk\project\in_the_gorest\client\include\release\background.obj
e:\cordingbirds\trunk\project\in_the_gorest\client\include\release\anishader.obj
e:\cordingbirds\trunk\project\in_the_gorest\client\include\release\anibuffer.obj
e:\cordingbirds\trunk\project\in_the_gorest\client\include\release\ammoobserver.obj
e:\cordingbirds\trunk\project\in_the_gorest\client\include\release\ammo.obj
e:\cordingbirds\trunk\project\in_the_gorest\client\include\release\notify.obj
e:\cordingbirds\trunk\project\in_the_gorest\client\include\release\modelbuffer.obj
e:\cordingbirds\trunk\project\in_the_gorest\client\include\release\maingame.obj
e:\cordingbirds\trunk\project\in_the_gorest\client\include\release\lobby.obj
e:\cordingbirds\trunk\project\in_the_gorest\client\include\release\loading.obj
e:\cordingbirds\trunk\project\in_the_gorest\client\include\release\loadmgr.obj
e:\cordingbirds\trunk\project\in_the_gorest\client\include\release\layer.obj
e:\cordingbirds\trunk\project\in_the_gorest\client\include\release\keymgr.obj
e:\cordingbirds\trunk\project\in_the_gorest\client\include\release\item.obj
e:\cordingbirds\trunk\project\in_the_gorest\client\include\release\infosubject.obj
e:\cordingbirds\trunk\project\in_the_gorest\client\include\release\inmapui.obj
e:\cordingbirds\trunk\project\in_the_gorest\client\include\release\inmapmgr.obj
e:\cordingbirds\trunk\project\in_the_gorest\client\include\release\inmap.obj
e:\cordingbirds\trunk\project\in_the_gorest\client\include\release\grade.obj
e:\cordingbirds\trunk\project\in_the_gorest\client\include\release\fontshader.obj
e:\cordingbirds\trunk\project\in_the_gorest\client\include\release\font.obj
e:\cordingbirds\trunk\project\in_the_gorest\client\include\release\floor.obj
e:\cordingbirds\trunk\project\in_the_gorest\client\include\release\fbxparser.obj
e:\cordingbirds\trunk\project\in_the_gorest\client\include\release\enemyobserver.obj
e:\cordingbirds\trunk\project\in_the_gorest\client\include\release\enemy.obj
e:\cordingbirds\trunk\project\in_the_gorest\client\include\release\scenemgr.obj
e:\cordingbirds\trunk\project\in_the_gorest\client\include\release\scene.obj
e:\cordingbirds\trunk\project\in_the_gorest\client\include\release\roominfo.obj
e:\cordingbirds\trunk\project\in_the_gorest\client\include\release\room.obj
e:\cordingbirds\trunk\project\in_the_gorest\client\include\release\rider.obj
e:\cordingbirds\trunk\project\in_the_gorest\client\include\release\resourcemgr.obj
e:\cordingbirds\trunk\project\in_the_gorest\client\include\release\resource.obj
e:\cordingbirds\trunk\project\in_the_gorest\client\include\release\renderer.obj
e:\cordingbirds\trunk\project\in_the_gorest\client\include\release\progressratezone.obj
e:\cordingbirds\trunk\project\in_the_gorest\client\include\release\progressrate.obj
e:\cordingbirds\trunk\project\in_the_gorest\client\include\release\progressmgr.obj
e:\cordingbirds\trunk\project\in_the_gorest\client\include\release\playinginfo.obj
e:\cordingbirds\trunk\project\in_the_gorest\client\include\release\playerobserver.obj
e:\cordingbirds\trunk\project\in_the_gorest\client\include\release\player.obj
e:\cordingbirds\trunk\project\in_the_gorest\client\include\release\planbuffer.obj
e:\cordingbirds\trunk\project\in_the_gorest\client\include\release\physics.obj
e:\cordingbirds\trunk\project\in_the_gorest\client\include\release\observer.obj
e:\cordingbirds\trunk\project\in_the_gorest\client\include\release\objmgr.obj
e:\cordingbirds\trunk\project\in_the_gorest\client\include\release\objcol.obj
e:\cordingbirds\trunk\project\in_the_gorest\client\include\release\obj.obj
e:\cordingbirds\trunk\project\in_the_gorest\client\include\release\unit.obj
e:\cordingbirds\trunk\project\in_the_gorest\client\include\release\unmovablezone.obj
e:\cordingbirds\trunk\project\in_the_gorest\client\include\release\uiobserver.obj
e:\cordingbirds\trunk\project\in_the_gorest\client\include\release\uibuffer.obj
e:\cordingbirds\trunk\project\in_the_gorest\client\include\release\ui.obj
e:\cordingbirds\trunk\project\in_the_gorest\client\include\release\trigger.obj
e:\cordingbirds\trunk\project\in_the_gorest\client\include\release\title.obj
e:\cordingbirds\trunk\project\in_the_gorest\client\include\release\timer.obj
e:\cordingbirds\trunk\project\in_the_gorest\client\include\release\textureshader.obj
e:\cordingbirds\trunk\project\in_the_gorest\client\include\release\texture.obj
e:\cordingbirds\trunk\project\in_the_gorest\client\include\release\targetbox.obj
e:\cordingbirds\trunk\project\in_the_gorest\client\include\release\subject.obj
e:\cordingbirds\trunk\project\in_the_gorest\client\include\release\status.obj
e:\cordingbirds\trunk\project\in_the_gorest\client\include\release\staticmodel.obj
e:\cordingbirds\trunk\project\in_the_gorest\client\include\release\staticcamera.obj
e:\cordingbirds\trunk\project\in_the_gorest\client\include\release\skyboxshader.obj
e:\cordingbirds\trunk\project\in_the_gorest\client\include\release\skyboxbuffer.obj
e:\cordingbirds\trunk\project\in_the_gorest\client\include\release\skybox.obj
e:\cordingbirds\trunk\project\in_the_gorest\client\include\release\shader.obj
e:\cordingbirds\trunk\project\in_the_gorest\client\include\release\servermgr.obj
e:\cordingbirds\trunk\project\in_the_gorest\client\include\release\client.obj
e:\cordingbirds\trunk\project\in_the_gorest\client\include\release\userinfo.obj
e:\cordingbirds\trunk\project\in_the_gorest\client\bin\vertexani.cso
e:\cordingbirds\trunk\project\in_the_gorest\client\bin\vertexcolor.cso
e:\cordingbirds\trunk\project\in_the_gorest\client\bin\vertexcolor_red.cso
e:\cordingbirds\trunk\project\in_the_gorest\client\bin\vertexfont.cso
e:\cordingbirds\trunk\project\in_the_gorest\client\bin\vertexskybox.cso
e:\cordingbirds\trunk\project\in_the_gorest\client\bin\vertextexture.cso
e:\cordingbirds\trunk\project\in_the_gorest\client\bin\vertextexture_reverse.cso
e:\cordingbirds\trunk\project\in_the_gorest\client\bin\client.exe
e:\cordingbirds\trunk\project\in_the_gorest\client\bin\client.pdb
e:\cordingbirds\trunk\project\in_the_gorest\client\include\release\client.res
e:\cordingbirds\trunk\project\in_the_gorest\client\include\../bin/client.exe
e:\cordingbirds\trunk\project\in_the_gorest\client\include\release\client.tlog\cl.command.1.tlog
e:\cordingbirds\trunk\project\in_the_gorest\client\include\release\client.tlog\cl.read.1.tlog
e:\cordingbirds\trunk\project\in_the_gorest\client\include\release\client.tlog\cl.write.1.tlog
e:\cordingbirds\trunk\project\in_the_gorest\client\include\release\client.tlog\client.write.1u.tlog
e:\cordingbirds\trunk\project\in_the_gorest\client\include\release\client.tlog\fxc.command.1.tlog
e:\cordingbirds\trunk\project\in_the_gorest\client\include\release\client.tlog\fxc.read.1.tlog
e:\cordingbirds\trunk\project\in_the_gorest\client\include\release\client.tlog\fxc.write.1.tlog
e:\cordingbirds\trunk\project\in_the_gorest\client\include\release\client.tlog\link.command.1.tlog
e:\cordingbirds\trunk\project\in_the_gorest\client\include\release\client.tlog\link.read.1.tlog
e:\cordingbirds\trunk\project\in_the_gorest\client\include\release\client.tlog\link.write.1.tlog
e:\cordingbirds\trunk\project\in_the_gorest\client\include\release\client.tlog\rc.command.1.tlog
e:\cordingbirds\trunk\project\in_the_gorest\client\include\release\client.tlog\rc.read.1.tlog
e:\cordingbirds\trunk\project\in_the_gorest\client\include\release\client.tlog\rc.write.1.tlog
